[     299ms] [ERROR] Failed to load resource: the server responded with a status of 500 (Internal Server Error) @ http://localhost:3000/sign-in:0
[     771ms] [INFO] %cDownload the React DevTools for a better development experience: https://reactjs.org/link/react-devtools font-weight:bold @ webpack-internal:///./node_modules/.pnpm/react-dom@18.3.1_react@18.3.1/node_modules/react-dom/cjs/react-dom.development.js:29889
[     861ms] Error: Invariant: missing bootstrap script. This is a bug in Next.js
    at rR (file:///mnt/c/Users/mayke/OneDrive/Desktop/App_Projects/postforge/node_modules/.pnpm/next@14.2.21_@playwright+test@1.59.1_react-dom@18.3.1_react@18.3.1__react@18.3.1/node_modules/next/dist/compiled/next-server/app-page.runtime.dev.js:39:2277)
    at <unknown> (file:///mnt/c/Users/mayke/OneDrive/Desktop/App_Projects/postforge/node_modules/.pnpm/next@14.2.21_@playwright+test@1.59.1_react-dom@18.3.1_react@18.3.1__react@18.3.1/node_modules/next/dist/compiled/next-server/app-page.runtime.dev.js:39:25393)
    at <unknown> (file:///mnt/c/Users/mayke/OneDrive/Desktop/App_Projects/postforge/node_modules/.pnpm/next@14.2.21_@playwright+test@1.59.1_react-dom@18.3.1_react@18.3.1__react@18.3.1/node_modules/next/dist/server/lib/trace/tracer.js:191:62)
    at <unknown> (file:///mnt/c/Users/mayke/OneDrive/Desktop/App_Projects/postforge/node_modules/.pnpm/next@14.2.21_@playwright+test@1.59.1_react-dom@18.3.1_react@18.3.1__react@18.3.1/node_modules/next/dist/server/lib/trace/tracer.js:140:36)
    at NoopContextManager.with (file:///mnt/c/Users/mayke/OneDrive/Desktop/App_Projects/postforge/node_modules/.pnpm/next@14.2.21_@playwright+test@1.59.1_react-dom@18.3.1_react@18.3.1__react@18.3.1/node_modules/next/dist/compiled/@opentelemetry/api/index.js:1:7062)
    at ContextAPI.with (file:///mnt/c/Users/mayke/OneDrive/Desktop/App_Projects/postforge/node_modules/.pnpm/next@14.2.21_@playwright+test@1.59.1_react-dom@18.3.1_react@18.3.1__react@18.3.1/node_modules/next/dist/compiled/@opentelemetry/api/index.js:1:518)
    at NoopTracer.startActiveSpan (file:///mnt/c/Users/mayke/OneDrive/Desktop/App_Projects/postforge/node_modules/.pnpm/next@14.2.21_@playwright+test@1.59.1_react-dom@18.3.1_react@18.3.1__react@18.3.1/node_modules/next/dist/compiled/@opentelemetry/api/index.js:1:18093)
    at ProxyTracer.startActiveSpan (file:///mnt/c/Users/mayke/OneDrive/Desktop/App_Projects/postforge/node_modules/.pnpm/next@14.2.21_@playwright+test@1.59.1_react-dom@18.3.1_react@18.3.1__react@18.3.1/node_modules/next/dist/compiled/@opentelemetry/api/index.js:1:18854)
    at <unknown> (file:///mnt/c/Users/mayke/OneDrive/Desktop/App_Projects/postforge/node_modules/.pnpm/next@14.2.21_@playwright+test@1.59.1_react-dom@18.3.1_react@18.3.1__react@18.3.1/node_modules/next/dist/server/lib/trace/tracer.js:122:103)
    at NoopContextManager.with (file:///mnt/c/Users/mayke/OneDrive/Desktop/App_Projects/postforge/node_modules/.pnpm/next@14.2.21_@playwright+test@1.59.1_react-dom@18.3.1_react@18.3.1__react@18.3.1/node_modules/next/dist/compiled/@opentelemetry/api/index.js:1:7062)
    at ContextAPI.with (file:///mnt/c/Users/mayke/OneDrive/Desktop/App_Projects/postforge/node_modules/.pnpm/next@14.2.21_@playwright+test@1.59.1_react-dom@18.3.1_react@18.3.1__react@18.3.1/node_modules/next/dist/compiled/@opentelemetry/api/index.js:1:518)
    at NextTracerImpl.trace (file:///mnt/c/Users/mayke/OneDrive/Desktop/App_Projects/postforge/node_modules/.pnpm/next@14.2.21_@playwright+test@1.59.1_react-dom@18.3.1_react@18.3.1__react@18.3.1/node_modules/next/dist/server/lib/trace/tracer.js:122:28)
    at <unknown> (file:///mnt/c/Users/mayke/OneDrive/Desktop/App_Projects/postforge/node_modules/.pnpm/next@14.2.21_@playwright+test@1.59.1_react-dom@18.3.1_react@18.3.1__react@18.3.1/node_modules/next/dist/server/lib/trace/tracer.js:191:31)
    at r3 (file:///mnt/c/Users/mayke/OneDrive/Desktop/App_Projects/postforge/node_modules/.pnpm/next@14.2.21_@playwright+test@1.59.1_react-dom@18.3.1_react@18.3.1__react@18.3.1/node_modules/next/dist/compiled/next-server/app-page.runtime.dev.js:41:1678)
    at async doRender (file:///mnt/c/Users/mayke/OneDrive/Desktop/App_Projects/postforge/node_modules/.pnpm/next@14.2.21_@playwright+test@1.59.1_react-dom@18.3.1_react@18.3.1__react@18.3.1/node_modules/next/dist/server/base-server.js:1414:30)
    at async cacheEntry.responseCache.get.routeKind (file:///mnt/c/Users/mayke/OneDrive/Desktop/App_Projects/postforge/node_modules/.pnpm/next@14.2.21_@playwright+test@1.59.1_react-dom@18.3.1_react@18.3.1__react@18.3.1/node_modules/next/dist/server/base-server.js:1575:28)
[     852ms] [LOG] [HMR] connected @ webpack-internal:///./node_modules/.pnpm/next@14.2.21_@playwright+test@1.59.1_react-dom@18.3.1_react@18.3.1__react@18.3.1/node_modules/next/dist/client/components/react-dev-overlay/pages/websocket.js:38
[    1748ms] [ERROR] Failed to load resource: the server responded with a status of 500 (Internal Server Error) @ http://localhost:3000/_next/static/webpack/99de7e0ec9b68fee.webpack.hot-update.json:0
[    1749ms] [WARNING] [Fast Refresh] performing full reload

Fast Refresh will perform a full reload when you edit a file that's imported by modules outside of the React rendering tree.
You might have a file which exports a React component but also exports a value that is imported by a non-React component file.
Consider migrating the non-React component export to a separate file and importing it into both files.

It is also possible the parent component of the component you edited is a class component, which disables Fast Refresh.
Fast Refresh requires at least one parent function component in your React tree. @ webpack-internal:///./node_modules/.pnpm/next@14.2.21_@playwright+test@1.59.1_react-dom@18.3.1_react@18.3.1__react@18.3.1/node_modules/next/dist/client/components/react-dev-overlay/pages/hot-reloader-client.js:347
[    2058ms] [ERROR] Failed to load resource: the server responded with a status of 500 (Internal Server Error) @ http://localhost:3000/sign-in:0
[    2309ms] [INFO] %cDownload the React DevTools for a better development experience: https://reactjs.org/link/react-devtools font-weight:bold @ webpack-internal:///./node_modules/.pnpm/react-dom@18.3.1_react@18.3.1/node_modules/react-dom/cjs/react-dom.development.js:29889
[    2344ms] Error: Invariant: missing bootstrap script. This is a bug in Next.js
    at rR (file:///mnt/c/Users/mayke/OneDrive/Desktop/App_Projects/postforge/node_modules/.pnpm/next@14.2.21_@playwright+test@1.59.1_react-dom@18.3.1_react@18.3.1__react@18.3.1/node_modules/next/dist/compiled/next-server/app-page.runtime.dev.js:39:2277)
    at <unknown> (file:///mnt/c/Users/mayke/OneDrive/Desktop/App_Projects/postforge/node_modules/.pnpm/next@14.2.21_@playwright+test@1.59.1_react-dom@18.3.1_react@18.3.1__react@18.3.1/node_modules/next/dist/compiled/next-server/app-page.runtime.dev.js:39:25393)
    at <unknown> (file:///mnt/c/Users/mayke/OneDrive/Desktop/App_Projects/postforge/node_modules/.pnpm/next@14.2.21_@playwright+test@1.59.1_react-dom@18.3.1_react@18.3.1__react@18.3.1/node_modules/next/dist/server/lib/trace/tracer.js:191:62)
    at <unknown> (file:///mnt/c/Users/mayke/OneDrive/Desktop/App_Projects/postforge/node_modules/.pnpm/next@14.2.21_@playwright+test@1.59.1_react-dom@18.3.1_react@18.3.1__react@18.3.1/node_modules/next/dist/server/lib/trace/tracer.js:140:36)
    at NoopContextManager.with (file:///mnt/c/Users/mayke/OneDrive/Desktop/App_Projects/postforge/node_modules/.pnpm/next@14.2.21_@playwright+test@1.59.1_react-dom@18.3.1_react@18.3.1__react@18.3.1/node_modules/next/dist/compiled/@opentelemetry/api/index.js:1:7062)
    at ContextAPI.with (file:///mnt/c/Users/mayke/OneDrive/Desktop/App_Projects/postforge/node_modules/.pnpm/next@14.2.21_@playwright+test@1.59.1_react-dom@18.3.1_react@18.3.1__react@18.3.1/node_modules/next/dist/compiled/@opentelemetry/api/index.js:1:518)
    at NoopTracer.startActiveSpan (file:///mnt/c/Users/mayke/OneDrive/Desktop/App_Projects/postforge/node_modules/.pnpm/next@14.2.21_@playwright+test@1.59.1_react-dom@18.3.1_react@18.3.1__react@18.3.1/node_modules/next/dist/compiled/@opentelemetry/api/index.js:1:18093)
    at ProxyTracer.startActiveSpan (file:///mnt/c/Users/mayke/OneDrive/Desktop/App_Projects/postforge/node_modules/.pnpm/next@14.2.21_@playwright+test@1.59.1_react-dom@18.3.1_react@18.3.1__react@18.3.1/node_modules/next/dist/compiled/@opentelemetry/api/index.js:1:18854)
    at <unknown> (file:///mnt/c/Users/mayke/OneDrive/Desktop/App_Projects/postforge/node_modules/.pnpm/next@14.2.21_@playwright+test@1.59.1_react-dom@18.3.1_react@18.3.1__react@18.3.1/node_modules/next/dist/server/lib/trace/tracer.js:122:103)
    at NoopContextManager.with (file:///mnt/c/Users/mayke/OneDrive/Desktop/App_Projects/postforge/node_modules/.pnpm/next@14.2.21_@playwright+test@1.59.1_react-dom@18.3.1_react@18.3.1__react@18.3.1/node_modules/next/dist/compiled/@opentelemetry/api/index.js:1:7062)
    at ContextAPI.with (file:///mnt/c/Users/mayke/OneDrive/Desktop/App_Projects/postforge/node_modules/.pnpm/next@14.2.21_@playwright+test@1.59.1_react-dom@18.3.1_react@18.3.1__react@18.3.1/node_modules/next/dist/compiled/@opentelemetry/api/index.js:1:518)
    at NextTracerImpl.trace (file:///mnt/c/Users/mayke/OneDrive/Desktop/App_Projects/postforge/node_modules/.pnpm/next@14.2.21_@playwright+test@1.59.1_react-dom@18.3.1_react@18.3.1__react@18.3.1/node_modules/next/dist/server/lib/trace/tracer.js:122:28)
    at <unknown> (file:///mnt/c/Users/mayke/OneDrive/Desktop/App_Projects/postforge/node_modules/.pnpm/next@14.2.21_@playwright+test@1.59.1_react-dom@18.3.1_react@18.3.1__react@18.3.1/node_modules/next/dist/server/lib/trace/tracer.js:191:31)
    at r3 (file:///mnt/c/Users/mayke/OneDrive/Desktop/App_Projects/postforge/node_modules/.pnpm/next@14.2.21_@playwright+test@1.59.1_react-dom@18.3.1_react@18.3.1__react@18.3.1/node_modules/next/dist/compiled/next-server/app-page.runtime.dev.js:41:1678)
    at async doRender (file:///mnt/c/Users/mayke/OneDrive/Desktop/App_Projects/postforge/node_modules/.pnpm/next@14.2.21_@playwright+test@1.59.1_react-dom@18.3.1_react@18.3.1__react@18.3.1/node_modules/next/dist/server/base-server.js:1414:30)
    at async cacheEntry.responseCache.get.routeKind (file:///mnt/c/Users/mayke/OneDrive/Desktop/App_Projects/postforge/node_modules/.pnpm/next@14.2.21_@playwright+test@1.59.1_react-dom@18.3.1_react@18.3.1__react@18.3.1/node_modules/next/dist/server/base-server.js:1575:28)
[    2333ms] [LOG] [HMR] connected @ webpack-internal:///./node_modules/.pnpm/next@14.2.21_@playwright+test@1.59.1_react-dom@18.3.1_react@18.3.1__react@18.3.1/node_modules/next/dist/client/components/react-dev-overlay/pages/websocket.js:38
[    3291ms] [ERROR] Failed to load resource: the server responded with a status of 500 (Internal Server Error) @ http://localhost:3000/_next/static/webpack/99de7e0ec9b68fee.webpack.hot-update.json:0
[    3291ms] [WARNING] [Fast Refresh] performing full reload

Fast Refresh will perform a full reload when you edit a file that's imported by modules outside of the React rendering tree.
You might have a file which exports a React component but also exports a value that is imported by a non-React component file.
Consider migrating the non-React component export to a separate file and importing it into both files.

It is also possible the parent component of the component you edited is a class component, which disables Fast Refresh.
Fast Refresh requires at least one parent function component in your React tree. @ webpack-internal:///./node_modules/.pnpm/next@14.2.21_@playwright+test@1.59.1_react-dom@18.3.1_react@18.3.1__react@18.3.1/node_modules/next/dist/client/components/react-dev-overlay/pages/hot-reloader-client.js:347
[    3591ms] [ERROR] Failed to load resource: the server responded with a status of 500 (Internal Server Error) @ http://localhost:3000/sign-in:0
[    3902ms] [INFO] %cDownload the React DevTools for a better development experience: https://reactjs.org/link/react-devtools font-weight:bold @ webpack-internal:///./node_modules/.pnpm/react-dom@18.3.1_react@18.3.1/node_modules/react-dom/cjs/react-dom.development.js:29889
[    3947ms] Error: Invariant: missing bootstrap script. This is a bug in Next.js
    at rR (file:///mnt/c/Users/mayke/OneDrive/Desktop/App_Projects/postforge/node_modules/.pnpm/next@14.2.21_@playwright+test@1.59.1_react-dom@18.3.1_react@18.3.1__react@18.3.1/node_modules/next/dist/compiled/next-server/app-page.runtime.dev.js:39:2277)
    at <unknown> (file:///mnt/c/Users/mayke/OneDrive/Desktop/App_Projects/postforge/node_modules/.pnpm/next@14.2.21_@playwright+test@1.59.1_react-dom@18.3.1_react@18.3.1__react@18.3.1/node_modules/next/dist/compiled/next-server/app-page.runtime.dev.js:39:25393)
    at <unknown> (file:///mnt/c/Users/mayke/OneDrive/Desktop/App_Projects/postforge/node_modules/.pnpm/next@14.2.21_@playwright+test@1.59.1_react-dom@18.3.1_react@18.3.1__react@18.3.1/node_modules/next/dist/server/lib/trace/tracer.js:191:62)
    at <unknown> (file:///mnt/c/Users/mayke/OneDrive/Desktop/App_Projects/postforge/node_modules/.pnpm/next@14.2.21_@playwright+test@1.59.1_react-dom@18.3.1_react@18.3.1__react@18.3.1/node_modules/next/dist/server/lib/trace/tracer.js:140:36)
    at NoopContextManager.with (file:///mnt/c/Users/mayke/OneDrive/Desktop/App_Projects/postforge/node_modules/.pnpm/next@14.2.21_@playwright+test@1.59.1_react-dom@18.3.1_react@18.3.1__react@18.3.1/node_modules/next/dist/compiled/@opentelemetry/api/index.js:1:7062)
    at ContextAPI.with (file:///mnt/c/Users/mayke/OneDrive/Desktop/App_Projects/postforge/node_modules/.pnpm/next@14.2.21_@playwright+test@1.59.1_react-dom@18.3.1_react@18.3.1__react@18.3.1/node_modules/next/dist/compiled/@opentelemetry/api/index.js:1:518)
    at NoopTracer.startActiveSpan (file:///mnt/c/Users/mayke/OneDrive/Desktop/App_Projects/postforge/node_modules/.pnpm/next@14.2.21_@playwright+test@1.59.1_react-dom@18.3.1_react@18.3.1__react@18.3.1/node_modules/next/dist/compiled/@opentelemetry/api/index.js:1:18093)
    at ProxyTracer.startActiveSpan (file:///mnt/c/Users/mayke/OneDrive/Desktop/App_Projects/postforge/node_modules/.pnpm/next@14.2.21_@playwright+test@1.59.1_react-dom@18.3.1_react@18.3.1__react@18.3.1/node_modules/next/dist/compiled/@opentelemetry/api/index.js:1:18854)
    at <unknown> (file:///mnt/c/Users/mayke/OneDrive/Desktop/App_Projects/postforge/node_modules/.pnpm/next@14.2.21_@playwright+test@1.59.1_react-dom@18.3.1_react@18.3.1__react@18.3.1/node_modules/next/dist/server/lib/trace/tracer.js:122:103)
    at NoopContextManager.with (file:///mnt/c/Users/mayke/OneDrive/Desktop/App_Projects/postforge/node_modules/.pnpm/next@14.2.21_@playwright+test@1.59.1_react-dom@18.3.1_react@18.3.1__react@18.3.1/node_modules/next/dist/compiled/@opentelemetry/api/index.js:1:7062)
    at ContextAPI.with (file:///mnt/c/Users/mayke/OneDrive/Desktop/App_Projects/postforge/node_modules/.pnpm/next@14.2.21_@playwright+test@1.59.1_react-dom@18.3.1_react@18.3.1__react@18.3.1/node_modules/next/dist/compiled/@opentelemetry/api/index.js:1:518)
    at NextTracerImpl.trace (file:///mnt/c/Users/mayke/OneDrive/Desktop/App_Projects/postforge/node_modules/.pnpm/next@14.2.21_@playwright+test@1.59.1_react-dom@18.3.1_react@18.3.1__react@18.3.1/node_modules/next/dist/server/lib/trace/tracer.js:122:28)
    at <unknown> (file:///mnt/c/Users/mayke/OneDrive/Desktop/App_Projects/postforge/node_modules/.pnpm/next@14.2.21_@playwright+test@1.59.1_react-dom@18.3.1_react@18.3.1__react@18.3.1/node_modules/next/dist/server/lib/trace/tracer.js:191:31)
    at r3 (file:///mnt/c/Users/mayke/OneDrive/Desktop/App_Projects/postforge/node_modules/.pnpm/next@14.2.21_@playwright+test@1.59.1_react-dom@18.3.1_react@18.3.1__react@18.3.1/node_modules/next/dist/compiled/next-server/app-page.runtime.dev.js:41:1678)
    at async doRender (file:///mnt/c/Users/mayke/OneDrive/Desktop/App_Projects/postforge/node_modules/.pnpm/next@14.2.21_@playwright+test@1.59.1_react-dom@18.3.1_react@18.3.1__react@18.3.1/node_modules/next/dist/server/base-server.js:1414:30)
    at async cacheEntry.responseCache.get.routeKind (file:///mnt/c/Users/mayke/OneDrive/Desktop/App_Projects/postforge/node_modules/.pnpm/next@14.2.21_@playwright+test@1.59.1_react-dom@18.3.1_react@18.3.1__react@18.3.1/node_modules/next/dist/server/base-server.js:1575:28)
[    3936ms] [LOG] [HMR] connected @ webpack-internal:///./node_modules/.pnpm/next@14.2.21_@playwright+test@1.59.1_react-dom@18.3.1_react@18.3.1__react@18.3.1/node_modules/next/dist/client/components/react-dev-overlay/pages/websocket.js:38
[    4770ms] [ERROR] Failed to load resource: the server responded with a status of 500 (Internal Server Error) @ http://localhost:3000/_next/static/webpack/99de7e0ec9b68fee.webpack.hot-update.json:0
[    4771ms] [WARNING] [Fast Refresh] performing full reload

Fast Refresh will perform a full reload when you edit a file that's imported by modules outside of the React rendering tree.
You might have a file which exports a React component but also exports a value that is imported by a non-React component file.
Consider migrating the non-React component export to a separate file and importing it into both files.

It is also possible the parent component of the component you edited is a class component, which disables Fast Refresh.
Fast Refresh requires at least one parent function component in your React tree. @ webpack-internal:///./node_modules/.pnpm/next@14.2.21_@playwright+test@1.59.1_react-dom@18.3.1_react@18.3.1__react@18.3.1/node_modules/next/dist/client/components/react-dev-overlay/pages/hot-reloader-client.js:347
[    5075ms] [ERROR] Failed to load resource: the server responded with a status of 500 (Internal Server Error) @ http://localhost:3000/sign-in:0
[    5340ms] [INFO] %cDownload the React DevTools for a better development experience: https://reactjs.org/link/react-devtools font-weight:bold @ webpack-internal:///./node_modules/.pnpm/react-dom@18.3.1_react@18.3.1/node_modules/react-dom/cjs/react-dom.development.js:29889
[    5376ms] Error: Invariant: missing bootstrap script. This is a bug in Next.js
    at rR (file:///mnt/c/Users/mayke/OneDrive/Desktop/App_Projects/postforge/node_modules/.pnpm/next@14.2.21_@playwright+test@1.59.1_react-dom@18.3.1_react@18.3.1__react@18.3.1/node_modules/next/dist/compiled/next-server/app-page.runtime.dev.js:39:2277)
    at <unknown> (file:///mnt/c/Users/mayke/OneDrive/Desktop/App_Projects/postforge/node_modules/.pnpm/next@14.2.21_@playwright+test@1.59.1_react-dom@18.3.1_react@18.3.1__react@18.3.1/node_modules/next/dist/compiled/next-server/app-page.runtime.dev.js:39:25393)
    at <unknown> (file:///mnt/c/Users/mayke/OneDrive/Desktop/App_Projects/postforge/node_modules/.pnpm/next@14.2.21_@playwright+test@1.59.1_react-dom@18.3.1_react@18.3.1__react@18.3.1/node_modules/next/dist/server/lib/trace/tracer.js:191:62)
    at <unknown> (file:///mnt/c/Users/mayke/OneDrive/Desktop/App_Projects/postforge/node_modules/.pnpm/next@14.2.21_@playwright+test@1.59.1_react-dom@18.3.1_react@18.3.1__react@18.3.1/node_modules/next/dist/server/lib/trace/tracer.js:140:36)
    at NoopContextManager.with (file:///mnt/c/Users/mayke/OneDrive/Desktop/App_Projects/postforge/node_modules/.pnpm/next@14.2.21_@playwright+test@1.59.1_react-dom@18.3.1_react@18.3.1__react@18.3.1/node_modules/next/dist/compiled/@opentelemetry/api/index.js:1:7062)
    at ContextAPI.with (file:///mnt/c/Users/mayke/OneDrive/Desktop/App_Projects/postforge/node_modules/.pnpm/next@14.2.21_@playwright+test@1.59.1_react-dom@18.3.1_react@18.3.1__react@18.3.1/node_modules/next/dist/compiled/@opentelemetry/api/index.js:1:518)
    at NoopTracer.startActiveSpan (file:///mnt/c/Users/mayke/OneDrive/Desktop/App_Projects/postforge/node_modules/.pnpm/next@14.2.21_@playwright+test@1.59.1_react-dom@18.3.1_react@18.3.1__react@18.3.1/node_modules/next/dist/compiled/@opentelemetry/api/index.js:1:18093)
    at ProxyTracer.startActiveSpan (file:///mnt/c/Users/mayke/OneDrive/Desktop/App_Projects/postforge/node_modules/.pnpm/next@14.2.21_@playwright+test@1.59.1_react-dom@18.3.1_react@18.3.1__react@18.3.1/node_modules/next/dist/compiled/@opentelemetry/api/index.js:1:18854)
    at <unknown> (file:///mnt/c/Users/mayke/OneDrive/Desktop/App_Projects/postforge/node_modules/.pnpm/next@14.2.21_@playwright+test@1.59.1_react-dom@18.3.1_react@18.3.1__react@18.3.1/node_modules/next/dist/server/lib/trace/tracer.js:122:103)
    at NoopContextManager.with (file:///mnt/c/Users/mayke/OneDrive/Desktop/App_Projects/postforge/node_modules/.pnpm/next@14.2.21_@playwright+test@1.59.1_react-dom@18.3.1_react@18.3.1__react@18.3.1/node_modules/next/dist/compiled/@opentelemetry/api/index.js:1:7062)
    at ContextAPI.with (file:///mnt/c/Users/mayke/OneDrive/Desktop/App_Projects/postforge/node_modules/.pnpm/next@14.2.21_@playwright+test@1.59.1_react-dom@18.3.1_react@18.3.1__react@18.3.1/node_modules/next/dist/compiled/@opentelemetry/api/index.js:1:518)
    at NextTracerImpl.trace (file:///mnt/c/Users/mayke/OneDrive/Desktop/App_Projects/postforge/node_modules/.pnpm/next@14.2.21_@playwright+test@1.59.1_react-dom@18.3.1_react@18.3.1__react@18.3.1/node_modules/next/dist/server/lib/trace/tracer.js:122:28)
    at <unknown> (file:///mnt/c/Users/mayke/OneDrive/Desktop/App_Projects/postforge/node_modules/.pnpm/next@14.2.21_@playwright+test@1.59.1_react-dom@18.3.1_react@18.3.1__react@18.3.1/node_modules/next/dist/server/lib/trace/tracer.js:191:31)
    at r3 (file:///mnt/c/Users/mayke/OneDrive/Desktop/App_Projects/postforge/node_modules/.pnpm/next@14.2.21_@playwright+test@1.59.1_react-dom@18.3.1_react@18.3.1__react@18.3.1/node_modules/next/dist/compiled/next-server/app-page.runtime.dev.js:41:1678)
    at async doRender (file:///mnt/c/Users/mayke/OneDrive/Desktop/App_Projects/postforge/node_modules/.pnpm/next@14.2.21_@playwright+test@1.59.1_react-dom@18.3.1_react@18.3.1__react@18.3.1/node_modules/next/dist/server/base-server.js:1414:30)
    at async cacheEntry.responseCache.get.routeKind (file:///mnt/c/Users/mayke/OneDrive/Desktop/App_Projects/postforge/node_modules/.pnpm/next@14.2.21_@playwright+test@1.59.1_react-dom@18.3.1_react@18.3.1__react@18.3.1/node_modules/next/dist/server/base-server.js:1575:28)
[    5366ms] [LOG] [HMR] connected @ webpack-internal:///./node_modules/.pnpm/next@14.2.21_@playwright+test@1.59.1_react-dom@18.3.1_react@18.3.1__react@18.3.1/node_modules/next/dist/client/components/react-dev-overlay/pages/websocket.js:38
[    6310ms] [ERROR] Failed to load resource: the server responded with a status of 500 (Internal Server Error) @ http://localhost:3000/_next/static/webpack/99de7e0ec9b68fee.webpack.hot-update.json:0
[    6311ms] [WARNING] [Fast Refresh] performing full reload

Fast Refresh will perform a full reload when you edit a file that's imported by modules outside of the React rendering tree.
You might have a file which exports a React component but also exports a value that is imported by a non-React component file.
Consider migrating the non-React component export to a separate file and importing it into both files.

It is also possible the parent component of the component you edited is a class component, which disables Fast Refresh.
Fast Refresh requires at least one parent function component in your React tree. @ webpack-internal:///./node_modules/.pnpm/next@14.2.21_@playwright+test@1.59.1_react-dom@18.3.1_react@18.3.1__react@18.3.1/node_modules/next/dist/client/components/react-dev-overlay/pages/hot-reloader-client.js:347
[    6625ms] [ERROR] Failed to load resource: the server responded with a status of 500 (Internal Server Error) @ http://localhost:3000/sign-in:0
[    6987ms] [INFO] %cDownload the React DevTools for a better development experience: https://reactjs.org/link/react-devtools font-weight:bold @ webpack-internal:///./node_modules/.pnpm/react-dom@18.3.1_react@18.3.1/node_modules/react-dom/cjs/react-dom.development.js:29889
[    7017ms] Error: Invariant: missing bootstrap script. This is a bug in Next.js
    at rR (file:///mnt/c/Users/mayke/OneDrive/Desktop/App_Projects/postforge/node_modules/.pnpm/next@14.2.21_@playwright+test@1.59.1_react-dom@18.3.1_react@18.3.1__react@18.3.1/node_modules/next/dist/compiled/next-server/app-page.runtime.dev.js:39:2277)
    at <unknown> (file:///mnt/c/Users/mayke/OneDrive/Desktop/App_Projects/postforge/node_modules/.pnpm/next@14.2.21_@playwright+test@1.59.1_react-dom@18.3.1_react@18.3.1__react@18.3.1/node_modules/next/dist/compiled/next-server/app-page.runtime.dev.js:39:25393)
    at <unknown> (file:///mnt/c/Users/mayke/OneDrive/Desktop/App_Projects/postforge/node_modules/.pnpm/next@14.2.21_@playwright+test@1.59.1_react-dom@18.3.1_react@18.3.1__react@18.3.1/node_modules/next/dist/server/lib/trace/tracer.js:191:62)
    at <unknown> (file:///mnt/c/Users/mayke/OneDrive/Desktop/App_Projects/postforge/node_modules/.pnpm/next@14.2.21_@playwright+test@1.59.1_react-dom@18.3.1_react@18.3.1__react@18.3.1/node_modules/next/dist/server/lib/trace/tracer.js:140:36)
    at NoopContextManager.with (file:///mnt/c/Users/mayke/OneDrive/Desktop/App_Projects/postforge/node_modules/.pnpm/next@14.2.21_@playwright+test@1.59.1_react-dom@18.3.1_react@18.3.1__react@18.3.1/node_modules/next/dist/compiled/@opentelemetry/api/index.js:1:7062)
    at ContextAPI.with (file:///mnt/c/Users/mayke/OneDrive/Desktop/App_Projects/postforge/node_modules/.pnpm/next@14.2.21_@playwright+test@1.59.1_react-dom@18.3.1_react@18.3.1__react@18.3.1/node_modules/next/dist/compiled/@opentelemetry/api/index.js:1:518)
    at NoopTracer.startActiveSpan (file:///mnt/c/Users/mayke/OneDrive/Desktop/App_Projects/postforge/node_modules/.pnpm/next@14.2.21_@playwright+test@1.59.1_react-dom@18.3.1_react@18.3.1__react@18.3.1/node_modules/next/dist/compiled/@opentelemetry/api/index.js:1:18093)
    at ProxyTracer.startActiveSpan (file:///mnt/c/Users/mayke/OneDrive/Desktop/App_Projects/postforge/node_modules/.pnpm/next@14.2.21_@playwright+test@1.59.1_react-dom@18.3.1_react@18.3.1__react@18.3.1/node_modules/next/dist/compiled/@opentelemetry/api/index.js:1:18854)
    at <unknown> (file:///mnt/c/Users/mayke/OneDrive/Desktop/App_Projects/postforge/node_modules/.pnpm/next@14.2.21_@playwright+test@1.59.1_react-dom@18.3.1_react@18.3.1__react@18.3.1/node_modules/next/dist/server/lib/trace/tracer.js:122:103)
    at NoopContextManager.with (file:///mnt/c/Users/mayke/OneDrive/Desktop/App_Projects/postforge/node_modules/.pnpm/next@14.2.21_@playwright+test@1.59.1_react-dom@18.3.1_react@18.3.1__react@18.3.1/node_modules/next/dist/compiled/@opentelemetry/api/index.js:1:7062)
    at ContextAPI.with (file:///mnt/c/Users/mayke/OneDrive/Desktop/App_Projects/postforge/node_modules/.pnpm/next@14.2.21_@playwright+test@1.59.1_react-dom@18.3.1_react@18.3.1__react@18.3.1/node_modules/next/dist/compiled/@opentelemetry/api/index.js:1:518)
    at NextTracerImpl.trace (file:///mnt/c/Users/mayke/OneDrive/Desktop/App_Projects/postforge/node_modules/.pnpm/next@14.2.21_@playwright+test@1.59.1_react-dom@18.3.1_react@18.3.1__react@18.3.1/node_modules/next/dist/server/lib/trace/tracer.js:122:28)
    at <unknown> (file:///mnt/c/Users/mayke/OneDrive/Desktop/App_Projects/postforge/node_modules/.pnpm/next@14.2.21_@playwright+test@1.59.1_react-dom@18.3.1_react@18.3.1__react@18.3.1/node_modules/next/dist/server/lib/trace/tracer.js:191:31)
    at r3 (file:///mnt/c/Users/mayke/OneDrive/Desktop/App_Projects/postforge/node_modules/.pnpm/next@14.2.21_@playwright+test@1.59.1_react-dom@18.3.1_react@18.3.1__react@18.3.1/node_modules/next/dist/compiled/next-server/app-page.runtime.dev.js:41:1678)
    at async doRender (file:///mnt/c/Users/mayke/OneDrive/Desktop/App_Projects/postforge/node_modules/.pnpm/next@14.2.21_@playwright+test@1.59.1_react-dom@18.3.1_react@18.3.1__react@18.3.1/node_modules/next/dist/server/base-server.js:1414:30)
    at async cacheEntry.responseCache.get.routeKind (file:///mnt/c/Users/mayke/OneDrive/Desktop/App_Projects/postforge/node_modules/.pnpm/next@14.2.21_@playwright+test@1.59.1_react-dom@18.3.1_react@18.3.1__react@18.3.1/node_modules/next/dist/server/base-server.js:1575:28)
[    7007ms] [LOG] [HMR] connected @ webpack-internal:///./node_modules/.pnpm/next@14.2.21_@playwright+test@1.59.1_react-dom@18.3.1_react@18.3.1__react@18.3.1/node_modules/next/dist/client/components/react-dev-overlay/pages/websocket.js:38
[    7913ms] [ERROR] Failed to load resource: the server responded with a status of 500 (Internal Server Error) @ http://localhost:3000/_next/static/webpack/99de7e0ec9b68fee.webpack.hot-update.json:0
[    7913ms] [WARNING] [Fast Refresh] performing full reload

Fast Refresh will perform a full reload when you edit a file that's imported by modules outside of the React rendering tree.
You might have a file which exports a React component but also exports a value that is imported by a non-React component file.
Consider migrating the non-React component export to a separate file and importing it into both files.

It is also possible the parent component of the component you edited is a class component, which disables Fast Refresh.
Fast Refresh requires at least one parent function component in your React tree. @ webpack-internal:///./node_modules/.pnpm/next@14.2.21_@playwright+test@1.59.1_react-dom@18.3.1_react@18.3.1__react@18.3.1/node_modules/next/dist/client/components/react-dev-overlay/pages/hot-reloader-client.js:347
[    8214ms] [ERROR] Failed to load resource: the server responded with a status of 500 (Internal Server Error) @ http://localhost:3000/sign-in:0
[    8466ms] [INFO] %cDownload the React DevTools for a better development experience: https://reactjs.org/link/react-devtools font-weight:bold @ webpack-internal:///./node_modules/.pnpm/react-dom@18.3.1_react@18.3.1/node_modules/react-dom/cjs/react-dom.development.js:29889
[    8511ms] Error: Invariant: missing bootstrap script. This is a bug in Next.js
    at rR (file:///mnt/c/Users/mayke/OneDrive/Desktop/App_Projects/postforge/node_modules/.pnpm/next@14.2.21_@playwright+test@1.59.1_react-dom@18.3.1_react@18.3.1__react@18.3.1/node_modules/next/dist/compiled/next-server/app-page.runtime.dev.js:39:2277)
    at <unknown> (file:///mnt/c/Users/mayke/OneDrive/Desktop/App_Projects/postforge/node_modules/.pnpm/next@14.2.21_@playwright+test@1.59.1_react-dom@18.3.1_react@18.3.1__react@18.3.1/node_modules/next/dist/compiled/next-server/app-page.runtime.dev.js:39:25393)
    at <unknown> (file:///mnt/c/Users/mayke/OneDrive/Desktop/App_Projects/postforge/node_modules/.pnpm/next@14.2.21_@playwright+test@1.59.1_react-dom@18.3.1_react@18.3.1__react@18.3.1/node_modules/next/dist/server/lib/trace/tracer.js:191:62)
    at <unknown> (file:///mnt/c/Users/mayke/OneDrive/Desktop/App_Projects/postforge/node_modules/.pnpm/next@14.2.21_@playwright+test@1.59.1_react-dom@18.3.1_react@18.3.1__react@18.3.1/node_modules/next/dist/server/lib/trace/tracer.js:140:36)
    at NoopContextManager.with (file:///mnt/c/Users/mayke/OneDrive/Desktop/App_Projects/postforge/node_modules/.pnpm/next@14.2.21_@playwright+test@1.59.1_react-dom@18.3.1_react@18.3.1__react@18.3.1/node_modules/next/dist/compiled/@opentelemetry/api/index.js:1:7062)
    at ContextAPI.with (file:///mnt/c/Users/mayke/OneDrive/Desktop/App_Projects/postforge/node_modules/.pnpm/next@14.2.21_@playwright+test@1.59.1_react-dom@18.3.1_react@18.3.1__react@18.3.1/node_modules/next/dist/compiled/@opentelemetry/api/index.js:1:518)
    at NoopTracer.startActiveSpan (file:///mnt/c/Users/mayke/OneDrive/Desktop/App_Projects/postforge/node_modules/.pnpm/next@14.2.21_@playwright+test@1.59.1_react-dom@18.3.1_react@18.3.1__react@18.3.1/node_modules/next/dist/compiled/@opentelemetry/api/index.js:1:18093)
    at ProxyTracer.startActiveSpan (file:///mnt/c/Users/mayke/OneDrive/Desktop/App_Projects/postforge/node_modules/.pnpm/next@14.2.21_@playwright+test@1.59.1_react-dom@18.3.1_react@18.3.1__react@18.3.1/node_modules/next/dist/compiled/@opentelemetry/api/index.js:1:18854)
    at <unknown> (file:///mnt/c/Users/mayke/OneDrive/Desktop/App_Projects/postforge/node_modules/.pnpm/next@14.2.21_@playwright+test@1.59.1_react-dom@18.3.1_react@18.3.1__react@18.3.1/node_modules/next/dist/server/lib/trace/tracer.js:122:103)
    at NoopContextManager.with (file:///mnt/c/Users/mayke/OneDrive/Desktop/App_Projects/postforge/node_modules/.pnpm/next@14.2.21_@playwright+test@1.59.1_react-dom@18.3.1_react@18.3.1__react@18.3.1/node_modules/next/dist/compiled/@opentelemetry/api/index.js:1:7062)
    at ContextAPI.with (file:///mnt/c/Users/mayke/OneDrive/Desktop/App_Projects/postforge/node_modules/.pnpm/next@14.2.21_@playwright+test@1.59.1_react-dom@18.3.1_react@18.3.1__react@18.3.1/node_modules/next/dist/compiled/@opentelemetry/api/index.js:1:518)
    at NextTracerImpl.trace (file:///mnt/c/Users/mayke/OneDrive/Desktop/App_Projects/postforge/node_modules/.pnpm/next@14.2.21_@playwright+test@1.59.1_react-dom@18.3.1_react@18.3.1__react@18.3.1/node_modules/next/dist/server/lib/trace/tracer.js:122:28)
    at <unknown> (file:///mnt/c/Users/mayke/OneDrive/Desktop/App_Projects/postforge/node_modules/.pnpm/next@14.2.21_@playwright+test@1.59.1_react-dom@18.3.1_react@18.3.1__react@18.3.1/node_modules/next/dist/server/lib/trace/tracer.js:191:31)
    at r3 (file:///mnt/c/Users/mayke/OneDrive/Desktop/App_Projects/postforge/node_modules/.pnpm/next@14.2.21_@playwright+test@1.59.1_react-dom@18.3.1_react@18.3.1__react@18.3.1/node_modules/next/dist/compiled/next-server/app-page.runtime.dev.js:41:1678)
    at async doRender (file:///mnt/c/Users/mayke/OneDrive/Desktop/App_Projects/postforge/node_modules/.pnpm/next@14.2.21_@playwright+test@1.59.1_react-dom@18.3.1_react@18.3.1__react@18.3.1/node_modules/next/dist/server/base-server.js:1414:30)
    at async cacheEntry.responseCache.get.routeKind (file:///mnt/c/Users/mayke/OneDrive/Desktop/App_Projects/postforge/node_modules/.pnpm/next@14.2.21_@playwright+test@1.59.1_react-dom@18.3.1_react@18.3.1__react@18.3.1/node_modules/next/dist/server/base-server.js:1575:28)
[    8498ms] [LOG] [HMR] connected @ webpack-internal:///./node_modules/.pnpm/next@14.2.21_@playwright+test@1.59.1_react-dom@18.3.1_react@18.3.1__react@18.3.1/node_modules/next/dist/client/components/react-dev-overlay/pages/websocket.js:38
[    9336ms] [ERROR] Failed to load resource: the server responded with a status of 500 (Internal Server Error) @ http://localhost:3000/_next/static/webpack/99de7e0ec9b68fee.webpack.hot-update.json:0
[    9336ms] [WARNING] [Fast Refresh] performing full reload

Fast Refresh will perform a full reload when you edit a file that's imported by modules outside of the React rendering tree.
You might have a file which exports a React component but also exports a value that is imported by a non-React component file.
Consider migrating the non-React component export to a separate file and importing it into both files.

It is also possible the parent component of the component you edited is a class component, which disables Fast Refresh.
Fast Refresh requires at least one parent function component in your React tree. @ webpack-internal:///./node_modules/.pnpm/next@14.2.21_@playwright+test@1.59.1_react-dom@18.3.1_react@18.3.1__react@18.3.1/node_modules/next/dist/client/components/react-dev-overlay/pages/hot-reloader-client.js:347
[    9675ms] [ERROR] Failed to load resource: the server responded with a status of 500 (Internal Server Error) @ http://localhost:3000/sign-in:0
[    9931ms] [INFO] %cDownload the React DevTools for a better development experience: https://reactjs.org/link/react-devtools font-weight:bold @ webpack-internal:///./node_modules/.pnpm/react-dom@18.3.1_react@18.3.1/node_modules/react-dom/cjs/react-dom.development.js:29889
[    9961ms] Error: Invariant: missing bootstrap script. This is a bug in Next.js
    at rR (file:///mnt/c/Users/mayke/OneDrive/Desktop/App_Projects/postforge/node_modules/.pnpm/next@14.2.21_@playwright+test@1.59.1_react-dom@18.3.1_react@18.3.1__react@18.3.1/node_modules/next/dist/compiled/next-server/app-page.runtime.dev.js:39:2277)
    at <unknown> (file:///mnt/c/Users/mayke/OneDrive/Desktop/App_Projects/postforge/node_modules/.pnpm/next@14.2.21_@playwright+test@1.59.1_react-dom@18.3.1_react@18.3.1__react@18.3.1/node_modules/next/dist/compiled/next-server/app-page.runtime.dev.js:39:25393)
    at <unknown> (file:///mnt/c/Users/mayke/OneDrive/Desktop/App_Projects/postforge/node_modules/.pnpm/next@14.2.21_@playwright+test@1.59.1_react-dom@18.3.1_react@18.3.1__react@18.3.1/node_modules/next/dist/server/lib/trace/tracer.js:191:62)
    at <unknown> (file:///mnt/c/Users/mayke/OneDrive/Desktop/App_Projects/postforge/node_modules/.pnpm/next@14.2.21_@playwright+test@1.59.1_react-dom@18.3.1_react@18.3.1__react@18.3.1/node_modules/next/dist/server/lib/trace/tracer.js:140:36)
    at NoopContextManager.with (file:///mnt/c/Users/mayke/OneDrive/Desktop/App_Projects/postforge/node_modules/.pnpm/next@14.2.21_@playwright+test@1.59.1_react-dom@18.3.1_react@18.3.1__react@18.3.1/node_modules/next/dist/compiled/@opentelemetry/api/index.js:1:7062)
    at ContextAPI.with (file:///mnt/c/Users/mayke/OneDrive/Desktop/App_Projects/postforge/node_modules/.pnpm/next@14.2.21_@playwright+test@1.59.1_react-dom@18.3.1_react@18.3.1__react@18.3.1/node_modules/next/dist/compiled/@opentelemetry/api/index.js:1:518)
    at NoopTracer.startActiveSpan (file:///mnt/c/Users/mayke/OneDrive/Desktop/App_Projects/postforge/node_modules/.pnpm/next@14.2.21_@playwright+test@1.59.1_react-dom@18.3.1_react@18.3.1__react@18.3.1/node_modules/next/dist/compiled/@opentelemetry/api/index.js:1:18093)
    at ProxyTracer.startActiveSpan (file:///mnt/c/Users/mayke/OneDrive/Desktop/App_Projects/postforge/node_modules/.pnpm/next@14.2.21_@playwright+test@1.59.1_react-dom@18.3.1_react@18.3.1__react@18.3.1/node_modules/next/dist/compiled/@opentelemetry/api/index.js:1:18854)
    at <unknown> (file:///mnt/c/Users/mayke/OneDrive/Desktop/App_Projects/postforge/node_modules/.pnpm/next@14.2.21_@playwright+test@1.59.1_react-dom@18.3.1_react@18.3.1__react@18.3.1/node_modules/next/dist/server/lib/trace/tracer.js:122:103)
    at NoopContextManager.with (file:///mnt/c/Users/mayke/OneDrive/Desktop/App_Projects/postforge/node_modules/.pnpm/next@14.2.21_@playwright+test@1.59.1_react-dom@18.3.1_react@18.3.1__react@18.3.1/node_modules/next/dist/compiled/@opentelemetry/api/index.js:1:7062)
    at ContextAPI.with (file:///mnt/c/Users/mayke/OneDrive/Desktop/App_Projects/postforge/node_modules/.pnpm/next@14.2.21_@playwright+test@1.59.1_react-dom@18.3.1_react@18.3.1__react@18.3.1/node_modules/next/dist/compiled/@opentelemetry/api/index.js:1:518)
    at NextTracerImpl.trace (file:///mnt/c/Users/mayke/OneDrive/Desktop/App_Projects/postforge/node_modules/.pnpm/next@14.2.21_@playwright+test@1.59.1_react-dom@18.3.1_react@18.3.1__react@18.3.1/node_modules/next/dist/server/lib/trace/tracer.js:122:28)
    at <unknown> (file:///mnt/c/Users/mayke/OneDrive/Desktop/App_Projects/postforge/node_modules/.pnpm/next@14.2.21_@playwright+test@1.59.1_react-dom@18.3.1_react@18.3.1__react@18.3.1/node_modules/next/dist/server/lib/trace/tracer.js:191:31)
    at r3 (file:///mnt/c/Users/mayke/OneDrive/Desktop/App_Projects/postforge/node_modules/.pnpm/next@14.2.21_@playwright+test@1.59.1_react-dom@18.3.1_react@18.3.1__react@18.3.1/node_modules/next/dist/compiled/next-server/app-page.runtime.dev.js:41:1678)
    at async doRender (file:///mnt/c/Users/mayke/OneDrive/Desktop/App_Projects/postforge/node_modules/.pnpm/next@14.2.21_@playwright+test@1.59.1_react-dom@18.3.1_react@18.3.1__react@18.3.1/node_modules/next/dist/server/base-server.js:1414:30)
    at async cacheEntry.responseCache.get.routeKind (file:///mnt/c/Users/mayke/OneDrive/Desktop/App_Projects/postforge/node_modules/.pnpm/next@14.2.21_@playwright+test@1.59.1_react-dom@18.3.1_react@18.3.1__react@18.3.1/node_modules/next/dist/server/base-server.js:1575:28)
[    9952ms] [LOG] [HMR] connected @ webpack-internal:///./node_modules/.pnpm/next@14.2.21_@playwright+test@1.59.1_react-dom@18.3.1_react@18.3.1__react@18.3.1/node_modules/next/dist/client/components/react-dev-overlay/pages/websocket.js:38
[   10929ms] [ERROR] Failed to load resource: the server responded with a status of 500 (Internal Server Error) @ http://localhost:3000/_next/static/webpack/99de7e0ec9b68fee.webpack.hot-update.json:0
[   10929ms] [WARNING] [Fast Refresh] performing full reload

Fast Refresh will perform a full reload when you edit a file that's imported by modules outside of the React rendering tree.
You might have a file which exports a React component but also exports a value that is imported by a non-React component file.
Consider migrating the non-React component export to a separate file and importing it into both files.

It is also possible the parent component of the component you edited is a class component, which disables Fast Refresh.
Fast Refresh requires at least one parent function component in your React tree. @ webpack-internal:///./node_modules/.pnpm/next@14.2.21_@playwright+test@1.59.1_react-dom@18.3.1_react@18.3.1__react@18.3.1/node_modules/next/dist/client/components/react-dev-overlay/pages/hot-reloader-client.js:347
[   11248ms] [ERROR] Failed to load resource: the server responded with a status of 500 (Internal Server Error) @ http://localhost:3000/sign-in:0
[   11507ms] [INFO] %cDownload the React DevTools for a better development experience: https://reactjs.org/link/react-devtools font-weight:bold @ webpack-internal:///./node_modules/.pnpm/react-dom@18.3.1_react@18.3.1/node_modules/react-dom/cjs/react-dom.development.js:29889
[   11542ms] Error: Invariant: missing bootstrap script. This is a bug in Next.js
    at rR (file:///mnt/c/Users/mayke/OneDrive/Desktop/App_Projects/postforge/node_modules/.pnpm/next@14.2.21_@playwright+test@1.59.1_react-dom@18.3.1_react@18.3.1__react@18.3.1/node_modules/next/dist/compiled/next-server/app-page.runtime.dev.js:39:2277)
    at <unknown> (file:///mnt/c/Users/mayke/OneDrive/Desktop/App_Projects/postforge/node_modules/.pnpm/next@14.2.21_@playwright+test@1.59.1_react-dom@18.3.1_react@18.3.1__react@18.3.1/node_modules/next/dist/compiled/next-server/app-page.runtime.dev.js:39:25393)
    at <unknown> (file:///mnt/c/Users/mayke/OneDrive/Desktop/App_Projects/postforge/node_modules/.pnpm/next@14.2.21_@playwright+test@1.59.1_react-dom@18.3.1_react@18.3.1__react@18.3.1/node_modules/next/dist/server/lib/trace/tracer.js:191:62)
    at <unknown> (file:///mnt/c/Users/mayke/OneDrive/Desktop/App_Projects/postforge/node_modules/.pnpm/next@14.2.21_@playwright+test@1.59.1_react-dom@18.3.1_react@18.3.1__react@18.3.1/node_modules/next/dist/server/lib/trace/tracer.js:140:36)
    at NoopContextManager.with (file:///mnt/c/Users/mayke/OneDrive/Desktop/App_Projects/postforge/node_modules/.pnpm/next@14.2.21_@playwright+test@1.59.1_react-dom@18.3.1_react@18.3.1__react@18.3.1/node_modules/next/dist/compiled/@opentelemetry/api/index.js:1:7062)
    at ContextAPI.with (file:///mnt/c/Users/mayke/OneDrive/Desktop/App_Projects/postforge/node_modules/.pnpm/next@14.2.21_@playwright+test@1.59.1_react-dom@18.3.1_react@18.3.1__react@18.3.1/node_modules/next/dist/compiled/@opentelemetry/api/index.js:1:518)
    at NoopTracer.startActiveSpan (file:///mnt/c/Users/mayke/OneDrive/Desktop/App_Projects/postforge/node_modules/.pnpm/next@14.2.21_@playwright+test@1.59.1_react-dom@18.3.1_react@18.3.1__react@18.3.1/node_modules/next/dist/compiled/@opentelemetry/api/index.js:1:18093)
    at ProxyTracer.startActiveSpan (file:///mnt/c/Users/mayke/OneDrive/Desktop/App_Projects/postforge/node_modules/.pnpm/next@14.2.21_@playwright+test@1.59.1_react-dom@18.3.1_react@18.3.1__react@18.3.1/node_modules/next/dist/compiled/@opentelemetry/api/index.js:1:18854)
    at <unknown> (file:///mnt/c/Users/mayke/OneDrive/Desktop/App_Projects/postforge/node_modules/.pnpm/next@14.2.21_@playwright+test@1.59.1_react-dom@18.3.1_react@18.3.1__react@18.3.1/node_modules/next/dist/server/lib/trace/tracer.js:122:103)
    at NoopContextManager.with (file:///mnt/c/Users/mayke/OneDrive/Desktop/App_Projects/postforge/node_modules/.pnpm/next@14.2.21_@playwright+test@1.59.1_react-dom@18.3.1_react@18.3.1__react@18.3.1/node_modules/next/dist/compiled/@opentelemetry/api/index.js:1:7062)
    at ContextAPI.with (file:///mnt/c/Users/mayke/OneDrive/Desktop/App_Projects/postforge/node_modules/.pnpm/next@14.2.21_@playwright+test@1.59.1_react-dom@18.3.1_react@18.3.1__react@18.3.1/node_modules/next/dist/compiled/@opentelemetry/api/index.js:1:518)
    at NextTracerImpl.trace (file:///mnt/c/Users/mayke/OneDrive/Desktop/App_Projects/postforge/node_modules/.pnpm/next@14.2.21_@playwright+test@1.59.1_react-dom@18.3.1_react@18.3.1__react@18.3.1/node_modules/next/dist/server/lib/trace/tracer.js:122:28)
    at <unknown> (file:///mnt/c/Users/mayke/OneDrive/Desktop/App_Projects/postforge/node_modules/.pnpm/next@14.2.21_@playwright+test@1.59.1_react-dom@18.3.1_react@18.3.1__react@18.3.1/node_modules/next/dist/server/lib/trace/tracer.js:191:31)
    at r3 (file:///mnt/c/Users/mayke/OneDrive/Desktop/App_Projects/postforge/node_modules/.pnpm/next@14.2.21_@playwright+test@1.59.1_react-dom@18.3.1_react@18.3.1__react@18.3.1/node_modules/next/dist/compiled/next-server/app-page.runtime.dev.js:41:1678)
    at async doRender (file:///mnt/c/Users/mayke/OneDrive/Desktop/App_Projects/postforge/node_modules/.pnpm/next@14.2.21_@playwright+test@1.59.1_react-dom@18.3.1_react@18.3.1__react@18.3.1/node_modules/next/dist/server/base-server.js:1414:30)
    at async cacheEntry.responseCache.get.routeKind (file:///mnt/c/Users/mayke/OneDrive/Desktop/App_Projects/postforge/node_modules/.pnpm/next@14.2.21_@playwright+test@1.59.1_react-dom@18.3.1_react@18.3.1__react@18.3.1/node_modules/next/dist/server/base-server.js:1575:28)
[   11529ms] [LOG] [HMR] connected @ webpack-internal:///./node_modules/.pnpm/next@14.2.21_@playwright+test@1.59.1_react-dom@18.3.1_react@18.3.1__react@18.3.1/node_modules/next/dist/client/components/react-dev-overlay/pages/websocket.js:38
[   12432ms] [ERROR] Failed to load resource: the server responded with a status of 500 (Internal Server Error) @ http://localhost:3000/_next/static/webpack/99de7e0ec9b68fee.webpack.hot-update.json:0
[   12432ms] [WARNING] [Fast Refresh] performing full reload

Fast Refresh will perform a full reload when you edit a file that's imported by modules outside of the React rendering tree.
You might have a file which exports a React component but also exports a value that is imported by a non-React component file.
Consider migrating the non-React component export to a separate file and importing it into both files.

It is also possible the parent component of the component you edited is a class component, which disables Fast Refresh.
Fast Refresh requires at least one parent function component in your React tree. @ webpack-internal:///./node_modules/.pnpm/next@14.2.21_@playwright+test@1.59.1_react-dom@18.3.1_react@18.3.1__react@18.3.1/node_modules/next/dist/client/components/react-dev-overlay/pages/hot-reloader-client.js:347
[   12723ms] [ERROR] Failed to load resource: the server responded with a status of 500 (Internal Server Error) @ http://localhost:3000/sign-in:0
[   13030ms] [INFO] %cDownload the React DevTools for a better development experience: https://reactjs.org/link/react-devtools font-weight:bold @ webpack-internal:///./node_modules/.pnpm/react-dom@18.3.1_react@18.3.1/node_modules/react-dom/cjs/react-dom.development.js:29889
[   13075ms] Error: Invariant: missing bootstrap script. This is a bug in Next.js
    at rR (file:///mnt/c/Users/mayke/OneDrive/Desktop/App_Projects/postforge/node_modules/.pnpm/next@14.2.21_@playwright+test@1.59.1_react-dom@18.3.1_react@18.3.1__react@18.3.1/node_modules/next/dist/compiled/next-server/app-page.runtime.dev.js:39:2277)
    at <unknown> (file:///mnt/c/Users/mayke/OneDrive/Desktop/App_Projects/postforge/node_modules/.pnpm/next@14.2.21_@playwright+test@1.59.1_react-dom@18.3.1_react@18.3.1__react@18.3.1/node_modules/next/dist/compiled/next-server/app-page.runtime.dev.js:39:25393)
    at <unknown> (file:///mnt/c/Users/mayke/OneDrive/Desktop/App_Projects/postforge/node_modules/.pnpm/next@14.2.21_@playwright+test@1.59.1_react-dom@18.3.1_react@18.3.1__react@18.3.1/node_modules/next/dist/server/lib/trace/tracer.js:191:62)
    at <unknown> (file:///mnt/c/Users/mayke/OneDrive/Desktop/App_Projects/postforge/node_modules/.pnpm/next@14.2.21_@playwright+test@1.59.1_react-dom@18.3.1_react@18.3.1__react@18.3.1/node_modules/next/dist/server/lib/trace/tracer.js:140:36)
    at NoopContextManager.with (file:///mnt/c/Users/mayke/OneDrive/Desktop/App_Projects/postforge/node_modules/.pnpm/next@14.2.21_@playwright+test@1.59.1_react-dom@18.3.1_react@18.3.1__react@18.3.1/node_modules/next/dist/compiled/@opentelemetry/api/index.js:1:7062)
    at ContextAPI.with (file:///mnt/c/Users/mayke/OneDrive/Desktop/App_Projects/postforge/node_modules/.pnpm/next@14.2.21_@playwright+test@1.59.1_react-dom@18.3.1_react@18.3.1__react@18.3.1/node_modules/next/dist/compiled/@opentelemetry/api/index.js:1:518)
    at NoopTracer.startActiveSpan (file:///mnt/c/Users/mayke/OneDrive/Desktop/App_Projects/postforge/node_modules/.pnpm/next@14.2.21_@playwright+test@1.59.1_react-dom@18.3.1_react@18.3.1__react@18.3.1/node_modules/next/dist/compiled/@opentelemetry/api/index.js:1:18093)
    at ProxyTracer.startActiveSpan (file:///mnt/c/Users/mayke/OneDrive/Desktop/App_Projects/postforge/node_modules/.pnpm/next@14.2.21_@playwright+test@1.59.1_react-dom@18.3.1_react@18.3.1__react@18.3.1/node_modules/next/dist/compiled/@opentelemetry/api/index.js:1:18854)
    at <unknown> (file:///mnt/c/Users/mayke/OneDrive/Desktop/App_Projects/postforge/node_modules/.pnpm/next@14.2.21_@playwright+test@1.59.1_react-dom@18.3.1_react@18.3.1__react@18.3.1/node_modules/next/dist/server/lib/trace/tracer.js:122:103)
    at NoopContextManager.with (file:///mnt/c/Users/mayke/OneDrive/Desktop/App_Projects/postforge/node_modules/.pnpm/next@14.2.21_@playwright+test@1.59.1_react-dom@18.3.1_react@18.3.1__react@18.3.1/node_modules/next/dist/compiled/@opentelemetry/api/index.js:1:7062)
    at ContextAPI.with (file:///mnt/c/Users/mayke/OneDrive/Desktop/App_Projects/postforge/node_modules/.pnpm/next@14.2.21_@playwright+test@1.59.1_react-dom@18.3.1_react@18.3.1__react@18.3.1/node_modules/next/dist/compiled/@opentelemetry/api/index.js:1:518)
    at NextTracerImpl.trace (file:///mnt/c/Users/mayke/OneDrive/Desktop/App_Projects/postforge/node_modules/.pnpm/next@14.2.21_@playwright+test@1.59.1_react-dom@18.3.1_react@18.3.1__react@18.3.1/node_modules/next/dist/server/lib/trace/tracer.js:122:28)
    at <unknown> (file:///mnt/c/Users/mayke/OneDrive/Desktop/App_Projects/postforge/node_modules/.pnpm/next@14.2.21_@playwright+test@1.59.1_react-dom@18.3.1_react@18.3.1__react@18.3.1/node_modules/next/dist/server/lib/trace/tracer.js:191:31)
    at r3 (file:///mnt/c/Users/mayke/OneDrive/Desktop/App_Projects/postforge/node_modules/.pnpm/next@14.2.21_@playwright+test@1.59.1_react-dom@18.3.1_react@18.3.1__react@18.3.1/node_modules/next/dist/compiled/next-server/app-page.runtime.dev.js:41:1678)
    at async doRender (file:///mnt/c/Users/mayke/OneDrive/Desktop/App_Projects/postforge/node_modules/.pnpm/next@14.2.21_@playwright+test@1.59.1_react-dom@18.3.1_react@18.3.1__react@18.3.1/node_modules/next/dist/server/base-server.js:1414:30)
    at async cacheEntry.responseCache.get.routeKind (file:///mnt/c/Users/mayke/OneDrive/Desktop/App_Projects/postforge/node_modules/.pnpm/next@14.2.21_@playwright+test@1.59.1_react-dom@18.3.1_react@18.3.1__react@18.3.1/node_modules/next/dist/server/base-server.js:1575:28)
[   13070ms] [LOG] [HMR] connected @ webpack-internal:///./node_modules/.pnpm/next@14.2.21_@playwright+test@1.59.1_react-dom@18.3.1_react@18.3.1__react@18.3.1/node_modules/next/dist/client/components/react-dev-overlay/pages/websocket.js:38
[   14003ms] [ERROR] Failed to load resource: the server responded with a status of 500 (Internal Server Error) @ http://localhost:3000/_next/static/webpack/99de7e0ec9b68fee.webpack.hot-update.json:0
[   14004ms] [WARNING] [Fast Refresh] performing full reload

Fast Refresh will perform a full reload when you edit a file that's imported by modules outside of the React rendering tree.
You might have a file which exports a React component but also exports a value that is imported by a non-React component file.
Consider migrating the non-React component export to a separate file and importing it into both files.

It is also possible the parent component of the component you edited is a class component, which disables Fast Refresh.
Fast Refresh requires at least one parent function component in your React tree. @ webpack-internal:///./node_modules/.pnpm/next@14.2.21_@playwright+test@1.59.1_react-dom@18.3.1_react@18.3.1__react@18.3.1/node_modules/next/dist/client/components/react-dev-overlay/pages/hot-reloader-client.js:347
[   14348ms] [ERROR] Failed to load resource: the server responded with a status of 500 (Internal Server Error) @ http://localhost:3000/sign-in:0
[   14643ms] [INFO] %cDownload the React DevTools for a better development experience: https://reactjs.org/link/react-devtools font-weight:bold @ webpack-internal:///./node_modules/.pnpm/react-dom@18.3.1_react@18.3.1/node_modules/react-dom/cjs/react-dom.development.js:29889
[   14728ms] Error: Invariant: missing bootstrap script. This is a bug in Next.js
    at rR (file:///mnt/c/Users/mayke/OneDrive/Desktop/App_Projects/postforge/node_modules/.pnpm/next@14.2.21_@playwright+test@1.59.1_react-dom@18.3.1_react@18.3.1__react@18.3.1/node_modules/next/dist/compiled/next-server/app-page.runtime.dev.js:39:2277)
    at <unknown> (file:///mnt/c/Users/mayke/OneDrive/Desktop/App_Projects/postforge/node_modules/.pnpm/next@14.2.21_@playwright+test@1.59.1_react-dom@18.3.1_react@18.3.1__react@18.3.1/node_modules/next/dist/compiled/next-server/app-page.runtime.dev.js:39:25393)
    at <unknown> (file:///mnt/c/Users/mayke/OneDrive/Desktop/App_Projects/postforge/node_modules/.pnpm/next@14.2.21_@playwright+test@1.59.1_react-dom@18.3.1_react@18.3.1__react@18.3.1/node_modules/next/dist/server/lib/trace/tracer.js:191:62)
    at <unknown> (file:///mnt/c/Users/mayke/OneDrive/Desktop/App_Projects/postforge/node_modules/.pnpm/next@14.2.21_@playwright+test@1.59.1_react-dom@18.3.1_react@18.3.1__react@18.3.1/node_modules/next/dist/server/lib/trace/tracer.js:140:36)
    at NoopContextManager.with (file:///mnt/c/Users/mayke/OneDrive/Desktop/App_Projects/postforge/node_modules/.pnpm/next@14.2.21_@playwright+test@1.59.1_react-dom@18.3.1_react@18.3.1__react@18.3.1/node_modules/next/dist/compiled/@opentelemetry/api/index.js:1:7062)
    at ContextAPI.with (file:///mnt/c/Users/mayke/OneDrive/Desktop/App_Projects/postforge/node_modules/.pnpm/next@14.2.21_@playwright+test@1.59.1_react-dom@18.3.1_react@18.3.1__react@18.3.1/node_modules/next/dist/compiled/@opentelemetry/api/index.js:1:518)
    at NoopTracer.startActiveSpan (file:///mnt/c/Users/mayke/OneDrive/Desktop/App_Projects/postforge/node_modules/.pnpm/next@14.2.21_@playwright+test@1.59.1_react-dom@18.3.1_react@18.3.1__react@18.3.1/node_modules/next/dist/compiled/@opentelemetry/api/index.js:1:18093)
    at ProxyTracer.startActiveSpan (file:///mnt/c/Users/mayke/OneDrive/Desktop/App_Projects/postforge/node_modules/.pnpm/next@14.2.21_@playwright+test@1.59.1_react-dom@18.3.1_react@18.3.1__react@18.3.1/node_modules/next/dist/compiled/@opentelemetry/api/index.js:1:18854)
    at <unknown> (file:///mnt/c/Users/mayke/OneDrive/Desktop/App_Projects/postforge/node_modules/.pnpm/next@14.2.21_@playwright+test@1.59.1_react-dom@18.3.1_react@18.3.1__react@18.3.1/node_modules/next/dist/server/lib/trace/tracer.js:122:103)
    at NoopContextManager.with (file:///mnt/c/Users/mayke/OneDrive/Desktop/App_Projects/postforge/node_modules/.pnpm/next@14.2.21_@playwright+test@1.59.1_react-dom@18.3.1_react@18.3.1__react@18.3.1/node_modules/next/dist/compiled/@opentelemetry/api/index.js:1:7062)
    at ContextAPI.with (file:///mnt/c/Users/mayke/OneDrive/Desktop/App_Projects/postforge/node_modules/.pnpm/next@14.2.21_@playwright+test@1.59.1_react-dom@18.3.1_react@18.3.1__react@18.3.1/node_modules/next/dist/compiled/@opentelemetry/api/index.js:1:518)
    at NextTracerImpl.trace (file:///mnt/c/Users/mayke/OneDrive/Desktop/App_Projects/postforge/node_modules/.pnpm/next@14.2.21_@playwright+test@1.59.1_react-dom@18.3.1_react@18.3.1__react@18.3.1/node_modules/next/dist/server/lib/trace/tracer.js:122:28)
    at <unknown> (file:///mnt/c/Users/mayke/OneDrive/Desktop/App_Projects/postforge/node_modules/.pnpm/next@14.2.21_@playwright+test@1.59.1_react-dom@18.3.1_react@18.3.1__react@18.3.1/node_modules/next/dist/server/lib/trace/tracer.js:191:31)
    at r3 (file:///mnt/c/Users/mayke/OneDrive/Desktop/App_Projects/postforge/node_modules/.pnpm/next@14.2.21_@playwright+test@1.59.1_react-dom@18.3.1_react@18.3.1__react@18.3.1/node_modules/next/dist/compiled/next-server/app-page.runtime.dev.js:41:1678)
    at async doRender (file:///mnt/c/Users/mayke/OneDrive/Desktop/App_Projects/postforge/node_modules/.pnpm/next@14.2.21_@playwright+test@1.59.1_react-dom@18.3.1_react@18.3.1__react@18.3.1/node_modules/next/dist/server/base-server.js:1414:30)
    at async cacheEntry.responseCache.get.routeKind (file:///mnt/c/Users/mayke/OneDrive/Desktop/App_Projects/postforge/node_modules/.pnpm/next@14.2.21_@playwright+test@1.59.1_react-dom@18.3.1_react@18.3.1__react@18.3.1/node_modules/next/dist/server/base-server.js:1575:28)
[   14708ms] [LOG] [HMR] connected @ webpack-internal:///./node_modules/.pnpm/next@14.2.21_@playwright+test@1.59.1_react-dom@18.3.1_react@18.3.1__react@18.3.1/node_modules/next/dist/client/components/react-dev-overlay/pages/websocket.js:38
[   15681ms] [ERROR] Failed to load resource: the server responded with a status of 500 (Internal Server Error) @ http://localhost:3000/_next/static/webpack/99de7e0ec9b68fee.webpack.hot-update.json:0
[   15681ms] [WARNING] [Fast Refresh] performing full reload

Fast Refresh will perform a full reload when you edit a file that's imported by modules outside of the React rendering tree.
You might have a file which exports a React component but also exports a value that is imported by a non-React component file.
Consider migrating the non-React component export to a separate file and importing it into both files.

It is also possible the parent component of the component you edited is a class component, which disables Fast Refresh.
Fast Refresh requires at least one parent function component in your React tree. @ webpack-internal:///./node_modules/.pnpm/next@14.2.21_@playwright+test@1.59.1_react-dom@18.3.1_react@18.3.1__react@18.3.1/node_modules/next/dist/client/components/react-dev-overlay/pages/hot-reloader-client.js:347
[   16041ms] [ERROR] Failed to load resource: the server responded with a status of 500 (Internal Server Error) @ http://localhost:3000/sign-in:0
[   16309ms] [INFO] %cDownload the React DevTools for a better development experience: https://reactjs.org/link/react-devtools font-weight:bold @ webpack-internal:///./node_modules/.pnpm/react-dom@18.3.1_react@18.3.1/node_modules/react-dom/cjs/react-dom.development.js:29889
[   16349ms] Error: Invariant: missing bootstrap script. This is a bug in Next.js
    at rR (file:///mnt/c/Users/mayke/OneDrive/Desktop/App_Projects/postforge/node_modules/.pnpm/next@14.2.21_@playwright+test@1.59.1_react-dom@18.3.1_react@18.3.1__react@18.3.1/node_modules/next/dist/compiled/next-server/app-page.runtime.dev.js:39:2277)
    at <unknown> (file:///mnt/c/Users/mayke/OneDrive/Desktop/App_Projects/postforge/node_modules/.pnpm/next@14.2.21_@playwright+test@1.59.1_react-dom@18.3.1_react@18.3.1__react@18.3.1/node_modules/next/dist/compiled/next-server/app-page.runtime.dev.js:39:25393)
    at <unknown> (file:///mnt/c/Users/mayke/OneDrive/Desktop/App_Projects/postforge/node_modules/.pnpm/next@14.2.21_@playwright+test@1.59.1_react-dom@18.3.1_react@18.3.1__react@18.3.1/node_modules/next/dist/server/lib/trace/tracer.js:191:62)
    at <unknown> (file:///mnt/c/Users/mayke/OneDrive/Desktop/App_Projects/postforge/node_modules/.pnpm/next@14.2.21_@playwright+test@1.59.1_react-dom@18.3.1_react@18.3.1__react@18.3.1/node_modules/next/dist/server/lib/trace/tracer.js:140:36)
    at NoopContextManager.with (file:///mnt/c/Users/mayke/OneDrive/Desktop/App_Projects/postforge/node_modules/.pnpm/next@14.2.21_@playwright+test@1.59.1_react-dom@18.3.1_react@18.3.1__react@18.3.1/node_modules/next/dist/compiled/@opentelemetry/api/index.js:1:7062)
    at ContextAPI.with (file:///mnt/c/Users/mayke/OneDrive/Desktop/App_Projects/postforge/node_modules/.pnpm/next@14.2.21_@playwright+test@1.59.1_react-dom@18.3.1_react@18.3.1__react@18.3.1/node_modules/next/dist/compiled/@opentelemetry/api/index.js:1:518)
    at NoopTracer.startActiveSpan (file:///mnt/c/Users/mayke/OneDrive/Desktop/App_Projects/postforge/node_modules/.pnpm/next@14.2.21_@playwright+test@1.59.1_react-dom@18.3.1_react@18.3.1__react@18.3.1/node_modules/next/dist/compiled/@opentelemetry/api/index.js:1:18093)
    at ProxyTracer.startActiveSpan (file:///mnt/c/Users/mayke/OneDrive/Desktop/App_Projects/postforge/node_modules/.pnpm/next@14.2.21_@playwright+test@1.59.1_react-dom@18.3.1_react@18.3.1__react@18.3.1/node_modules/next/dist/compiled/@opentelemetry/api/index.js:1:18854)
    at <unknown> (file:///mnt/c/Users/mayke/OneDrive/Desktop/App_Projects/postforge/node_modules/.pnpm/next@14.2.21_@playwright+test@1.59.1_react-dom@18.3.1_react@18.3.1__react@18.3.1/node_modules/next/dist/server/lib/trace/tracer.js:122:103)
    at NoopContextManager.with (file:///mnt/c/Users/mayke/OneDrive/Desktop/App_Projects/postforge/node_modules/.pnpm/next@14.2.21_@playwright+test@1.59.1_react-dom@18.3.1_react@18.3.1__react@18.3.1/node_modules/next/dist/compiled/@opentelemetry/api/index.js:1:7062)
    at ContextAPI.with (file:///mnt/c/Users/mayke/OneDrive/Desktop/App_Projects/postforge/node_modules/.pnpm/next@14.2.21_@playwright+test@1.59.1_react-dom@18.3.1_react@18.3.1__react@18.3.1/node_modules/next/dist/compiled/@opentelemetry/api/index.js:1:518)
    at NextTracerImpl.trace (file:///mnt/c/Users/mayke/OneDrive/Desktop/App_Projects/postforge/node_modules/.pnpm/next@14.2.21_@playwright+test@1.59.1_react-dom@18.3.1_react@18.3.1__react@18.3.1/node_modules/next/dist/server/lib/trace/tracer.js:122:28)
    at <unknown> (file:///mnt/c/Users/mayke/OneDrive/Desktop/App_Projects/postforge/node_modules/.pnpm/next@14.2.21_@playwright+test@1.59.1_react-dom@18.3.1_react@18.3.1__react@18.3.1/node_modules/next/dist/server/lib/trace/tracer.js:191:31)
    at r3 (file:///mnt/c/Users/mayke/OneDrive/Desktop/App_Projects/postforge/node_modules/.pnpm/next@14.2.21_@playwright+test@1.59.1_react-dom@18.3.1_react@18.3.1__react@18.3.1/node_modules/next/dist/compiled/next-server/app-page.runtime.dev.js:41:1678)
    at async doRender (file:///mnt/c/Users/mayke/OneDrive/Desktop/App_Projects/postforge/node_modules/.pnpm/next@14.2.21_@playwright+test@1.59.1_react-dom@18.3.1_react@18.3.1__react@18.3.1/node_modules/next/dist/server/base-server.js:1414:30)
    at async cacheEntry.responseCache.get.routeKind (file:///mnt/c/Users/mayke/OneDrive/Desktop/App_Projects/postforge/node_modules/.pnpm/next@14.2.21_@playwright+test@1.59.1_react-dom@18.3.1_react@18.3.1__react@18.3.1/node_modules/next/dist/server/base-server.js:1575:28)
[   16339ms] [LOG] [HMR] connected @ webpack-internal:///./node_modules/.pnpm/next@14.2.21_@playwright+test@1.59.1_react-dom@18.3.1_react@18.3.1__react@18.3.1/node_modules/next/dist/client/components/react-dev-overlay/pages/websocket.js:38
[   17211ms] [ERROR] Failed to load resource: the server responded with a status of 500 (Internal Server Error) @ http://localhost:3000/_next/static/webpack/99de7e0ec9b68fee.webpack.hot-update.json:0
[   17211ms] [WARNING] [Fast Refresh] performing full reload

Fast Refresh will perform a full reload when you edit a file that's imported by modules outside of the React rendering tree.
You might have a file which exports a React component but also exports a value that is imported by a non-React component file.
Consider migrating the non-React component export to a separate file and importing it into both files.

It is also possible the parent component of the component you edited is a class component, which disables Fast Refresh.
Fast Refresh requires at least one parent function component in your React tree. @ webpack-internal:///./node_modules/.pnpm/next@14.2.21_@playwright+test@1.59.1_react-dom@18.3.1_react@18.3.1__react@18.3.1/node_modules/next/dist/client/components/react-dev-overlay/pages/hot-reloader-client.js:347
[   17585ms] [ERROR] Failed to load resource: the server responded with a status of 500 (Internal Server Error) @ http://localhost:3000/sign-in:0
[   17846ms] [INFO] %cDownload the React DevTools for a better development experience: https://reactjs.org/link/react-devtools font-weight:bold @ webpack-internal:///./node_modules/.pnpm/react-dom@18.3.1_react@18.3.1/node_modules/react-dom/cjs/react-dom.development.js:29889
[   17873ms] Error: Invariant: missing bootstrap script. This is a bug in Next.js
    at rR (file:///mnt/c/Users/mayke/OneDrive/Desktop/App_Projects/postforge/node_modules/.pnpm/next@14.2.21_@playwright+test@1.59.1_react-dom@18.3.1_react@18.3.1__react@18.3.1/node_modules/next/dist/compiled/next-server/app-page.runtime.dev.js:39:2277)
    at <unknown> (file:///mnt/c/Users/mayke/OneDrive/Desktop/App_Projects/postforge/node_modules/.pnpm/next@14.2.21_@playwright+test@1.59.1_react-dom@18.3.1_react@18.3.1__react@18.3.1/node_modules/next/dist/compiled/next-server/app-page.runtime.dev.js:39:25393)
    at <unknown> (file:///mnt/c/Users/mayke/OneDrive/Desktop/App_Projects/postforge/node_modules/.pnpm/next@14.2.21_@playwright+test@1.59.1_react-dom@18.3.1_react@18.3.1__react@18.3.1/node_modules/next/dist/server/lib/trace/tracer.js:191:62)
    at <unknown> (file:///mnt/c/Users/mayke/OneDrive/Desktop/App_Projects/postforge/node_modules/.pnpm/next@14.2.21_@playwright+test@1.59.1_react-dom@18.3.1_react@18.3.1__react@18.3.1/node_modules/next/dist/server/lib/trace/tracer.js:140:36)
    at NoopContextManager.with (file:///mnt/c/Users/mayke/OneDrive/Desktop/App_Projects/postforge/node_modules/.pnpm/next@14.2.21_@playwright+test@1.59.1_react-dom@18.3.1_react@18.3.1__react@18.3.1/node_modules/next/dist/compiled/@opentelemetry/api/index.js:1:7062)
    at ContextAPI.with (file:///mnt/c/Users/mayke/OneDrive/Desktop/App_Projects/postforge/node_modules/.pnpm/next@14.2.21_@playwright+test@1.59.1_react-dom@18.3.1_react@18.3.1__react@18.3.1/node_modules/next/dist/compiled/@opentelemetry/api/index.js:1:518)
    at NoopTracer.startActiveSpan (file:///mnt/c/Users/mayke/OneDrive/Desktop/App_Projects/postforge/node_modules/.pnpm/next@14.2.21_@playwright+test@1.59.1_react-dom@18.3.1_react@18.3.1__react@18.3.1/node_modules/next/dist/compiled/@opentelemetry/api/index.js:1:18093)
    at ProxyTracer.startActiveSpan (file:///mnt/c/Users/mayke/OneDrive/Desktop/App_Projects/postforge/node_modules/.pnpm/next@14.2.21_@playwright+test@1.59.1_react-dom@18.3.1_react@18.3.1__react@18.3.1/node_modules/next/dist/compiled/@opentelemetry/api/index.js:1:18854)
    at <unknown> (file:///mnt/c/Users/mayke/OneDrive/Desktop/App_Projects/postforge/node_modules/.pnpm/next@14.2.21_@playwright+test@1.59.1_react-dom@18.3.1_react@18.3.1__react@18.3.1/node_modules/next/dist/server/lib/trace/tracer.js:122:103)
    at NoopContextManager.with (file:///mnt/c/Users/mayke/OneDrive/Desktop/App_Projects/postforge/node_modules/.pnpm/next@14.2.21_@playwright+test@1.59.1_react-dom@18.3.1_react@18.3.1__react@18.3.1/node_modules/next/dist/compiled/@opentelemetry/api/index.js:1:7062)
    at ContextAPI.with (file:///mnt/c/Users/mayke/OneDrive/Desktop/App_Projects/postforge/node_modules/.pnpm/next@14.2.21_@playwright+test@1.59.1_react-dom@18.3.1_react@18.3.1__react@18.3.1/node_modules/next/dist/compiled/@opentelemetry/api/index.js:1:518)
    at NextTracerImpl.trace (file:///mnt/c/Users/mayke/OneDrive/Desktop/App_Projects/postforge/node_modules/.pnpm/next@14.2.21_@playwright+test@1.59.1_react-dom@18.3.1_react@18.3.1__react@18.3.1/node_modules/next/dist/server/lib/trace/tracer.js:122:28)
    at <unknown> (file:///mnt/c/Users/mayke/OneDrive/Desktop/App_Projects/postforge/node_modules/.pnpm/next@14.2.21_@playwright+test@1.59.1_react-dom@18.3.1_react@18.3.1__react@18.3.1/node_modules/next/dist/server/lib/trace/tracer.js:191:31)
    at r3 (file:///mnt/c/Users/mayke/OneDrive/Desktop/App_Projects/postforge/node_modules/.pnpm/next@14.2.21_@playwright+test@1.59.1_react-dom@18.3.1_react@18.3.1__react@18.3.1/node_modules/next/dist/compiled/next-server/app-page.runtime.dev.js:41:1678)
    at async doRender (file:///mnt/c/Users/mayke/OneDrive/Desktop/App_Projects/postforge/node_modules/.pnpm/next@14.2.21_@playwright+test@1.59.1_react-dom@18.3.1_react@18.3.1__react@18.3.1/node_modules/next/dist/server/base-server.js:1414:30)
    at async cacheEntry.responseCache.get.routeKind (file:///mnt/c/Users/mayke/OneDrive/Desktop/App_Projects/postforge/node_modules/.pnpm/next@14.2.21_@playwright+test@1.59.1_react-dom@18.3.1_react@18.3.1__react@18.3.1/node_modules/next/dist/server/base-server.js:1575:28)
[   17872ms] [LOG] [HMR] connected @ webpack-internal:///./node_modules/.pnpm/next@14.2.21_@playwright+test@1.59.1_react-dom@18.3.1_react@18.3.1__react@18.3.1/node_modules/next/dist/client/components/react-dev-overlay/pages/websocket.js:38
[   20650ms] [ERROR] WebSocket connection to 'ws://localhost:3000/_next/webpack-hmr' failed:  @ webpack-internal:///./node_modules/.pnpm/next@14.2.21_@playwright+test@1.59.1_react-dom@18.3.1_react@18.3.1__react@18.3.1/node_modules/next/dist/client/components/react-dev-overlay/pages/websocket.js:63
[  101564ms] [LOG] [HMR] connected @ webpack-internal:///./node_modules/.pnpm/next@14.2.21_@playwright+test@1.59.1_react-dom@18.3.1_react@18.3.1__react@18.3.1/node_modules/next/dist/client/components/react-dev-overlay/pages/websocket.js:38
[  101820ms] [LOG] [Fast Refresh] rebuilding @ webpack-internal:///./node_modules/.pnpm/next@14.2.21_@playwright+test@1.59.1_react-dom@18.3.1_react@18.3.1__react@18.3.1/node_modules/next/dist/client/components/react-dev-overlay/pages/hot-reloader-client.js:221
[  119308ms] [LOG] [Fast Refresh] rebuilding @ webpack-internal:///./node_modules/.pnpm/next@14.2.21_@playwright+test@1.59.1_react-dom@18.3.1_react@18.3.1__react@18.3.1/node_modules/next/dist/client/components/react-dev-overlay/pages/hot-reloader-client.js:221
[  141980ms] [ERROR] Failed to load resource: the server responded with a status of 404 (Not Found) @ http://localhost:3000/_next/static/webpack/99de7e0ec9b68fee.webpack.hot-update.json:0
[  141980ms] [WARNING] [Fast Refresh] performing full reload because your application had an unrecoverable error @ webpack-internal:///./node_modules/.pnpm/next@14.2.21_@playwright+test@1.59.1_react-dom@18.3.1_react@18.3.1__react@18.3.1/node_modules/next/dist/client/components/react-dev-overlay/pages/hot-reloader-client.js:349
[  187914ms] [LOG] [Fast Refresh] rebuilding @ webpack-internal:///./node_modules/.pnpm/next@14.2.21_@playwright+test@1.59.1_react-dom@18.3.1_react@18.3.1__react@18.3.1/node_modules/next/dist/client/components/react-dev-overlay/pages/hot-reloader-client.js:221
[  189800ms] [WARNING] [Fast Refresh] performing full reload

Fast Refresh will perform a full reload when you edit a file that's imported by modules outside of the React rendering tree.
You might have a file which exports a React component but also exports a value that is imported by a non-React component file.
Consider migrating the non-React component export to a separate file and importing it into both files.

It is also possible the parent component of the component you edited is a class component, which disables Fast Refresh.
Fast Refresh requires at least one parent function component in your React tree. @ webpack-internal:///./node_modules/.pnpm/next@14.2.21_@playwright+test@1.59.1_react-dom@18.3.1_react@18.3.1__react@18.3.1/node_modules/next/dist/client/components/react-dev-overlay/pages/hot-reloader-client.js:347
[  189951ms] [VERBOSE] [DOM] Input elements should have autocomplete attributes (suggested: "current-password"): (More info: https://goo.gl/9p2vKq) %o @ http://localhost:3000/sign-in:0
[  190767ms] [INFO] %cDownload the React DevTools for a better development experience: https://reactjs.org/link/react-devtools font-weight:bold @ webpack-internal:///(app-pages-browser)/./node_modules/.pnpm/next@14.2.21_@playwright+test@1.59.1_react-dom@18.3.1_react@18.3.1__react@18.3.1/node_modules/next/dist/compiled/react-dom/cjs/react-dom.development.js:38559
