[   30988ms] [VERBOSE] [DOM] Input elements should have autocomplete attributes (suggested: "current-password"): (More info: https://goo.gl/9p2vKq) %o @ http://localhost:3003/sign-in:0
[   33001ms] [INFO] %cDownload the React DevTools for a better development experience: https://reactjs.org/link/react-devtools font-weight:bold @ webpack-internal:///(app-pages-browser)/./node_modules/next/dist/compiled/react-dom/cjs/react-dom.development.js:38559
[   33279ms] [ERROR] Failed to load resource: the server responded with a status of 404 (Not Found) @ http://localhost:3003/favicon.ico:0
[   61766ms] [LOG] [Fast Refresh] rebuilding @ webpack-internal:///(app-pages-browser)/./node_modules/next/dist/client/components/react-dev-overlay/app/hot-reloader-client.js:186
[   92476ms] [LOG] [Fast Refresh] done in 30710ms @ webpack-internal:///(app-pages-browser)/./node_modules/next/dist/client/components/react-dev-overlay/app/hot-reloader-client.js:43
[  101420ms] [WARNING] The resource http://localhost:3003/_next/static/css/app/layout.css?v=1776184098115 was preloaded using link preload but not used within a few seconds from the window's load event. Please make sure it has an appropriate `as` value and it is preloaded intentionally. @ http://localhost:3003/:0
[  108885ms] [LOG] [Fast Refresh] rebuilding @ webpack-internal:///(app-pages-browser)/./node_modules/next/dist/client/components/react-dev-overlay/app/hot-reloader-client.js:186
[  109970ms] [LOG] [Fast Refresh] done in 1086ms @ webpack-internal:///(app-pages-browser)/./node_modules/next/dist/client/components/react-dev-overlay/app/hot-reloader-client.js:43
[  110901ms] [WARNING] Icon "reddit" not found in lucide-react @ webpack-internal:///(app-pages-browser)/./components/ui/icon.tsx:16
[  110901ms] [WARNING] Icon "reddit" not found in lucide-react @ webpack-internal:///(app-pages-browser)/./components/ui/icon.tsx:16
[  112296ms] [WARNING] Icon "reddit" not found in lucide-react @ webpack-internal:///(app-pages-browser)/./components/ui/icon.tsx:16
[  112296ms] [WARNING] Icon "reddit" not found in lucide-react @ webpack-internal:///(app-pages-browser)/./components/ui/icon.tsx:16
[  112550ms] [WARNING] Icon "reddit" not found in lucide-react @ webpack-internal:///(app-pages-browser)/./components/ui/icon.tsx:16
[  112550ms] [WARNING] Icon "reddit" not found in lucide-react @ webpack-internal:///(app-pages-browser)/./components/ui/icon.tsx:16
[  115549ms] [WARNING] The resource http://localhost:3003/_next/static/css/app/layout.css?v=1776184098115 was preloaded using link preload but not used within a few seconds from the window's load event. Please make sure it has an appropriate `as` value and it is preloaded intentionally. @ http://localhost:3003/templates:0
[  123529ms] [WARNING] Icon "reddit" not found in lucide-react @ webpack-internal:///(app-pages-browser)/./components/ui/icon.tsx:16
[  123529ms] [WARNING] Icon "reddit" not found in lucide-react @ webpack-internal:///(app-pages-browser)/./components/ui/icon.tsx:16
[  123546ms] [WARNING] Icon "reddit" not found in lucide-react @ webpack-internal:///(app-pages-browser)/./components/ui/icon.tsx:16
[  123546ms] [WARNING] Icon "reddit" not found in lucide-react @ webpack-internal:///(app-pages-browser)/./components/ui/icon.tsx:16
[  123858ms] [WARNING] Icon "reddit" not found in lucide-react @ webpack-internal:///(app-pages-browser)/./components/ui/icon.tsx:16
[  123858ms] [WARNING] Icon "reddit" not found in lucide-react @ webpack-internal:///(app-pages-browser)/./components/ui/icon.tsx:16
[  126857ms] [WARNING] The resource http://localhost:3003/_next/static/css/app/layout.css?v=1776184098115 was preloaded using link preload but not used within a few seconds from the window's load event. Please make sure it has an appropriate `as` value and it is preloaded intentionally. @ http://localhost:3003/templates:0
[  142005ms] [WARNING] Icon "reddit" not found in lucide-react @ webpack-internal:///(app-pages-browser)/./components/ui/icon.tsx:16
[  142005ms] [WARNING] Icon "reddit" not found in lucide-react @ webpack-internal:///(app-pages-browser)/./components/ui/icon.tsx:16
[  142016ms] [WARNING] Icon "reddit" not found in lucide-react @ webpack-internal:///(app-pages-browser)/./components/ui/icon.tsx:16
[  142016ms] [WARNING] Icon "reddit" not found in lucide-react @ webpack-internal:///(app-pages-browser)/./components/ui/icon.tsx:16
[  142351ms] [WARNING] Icon "reddit" not found in lucide-react @ webpack-internal:///(app-pages-browser)/./components/ui/icon.tsx:16
[  142351ms] [WARNING] Icon "reddit" not found in lucide-react @ webpack-internal:///(app-pages-browser)/./components/ui/icon.tsx:16
[  145349ms] [WARNING] The resource http://localhost:3003/_next/static/css/app/layout.css?v=1776184098115 was preloaded using link preload but not used within a few seconds from the window's load event. Please make sure it has an appropriate `as` value and it is preloaded intentionally. @ http://localhost:3003/templates:0
